Analysis & Synthesis report for Encriptador
Mon Apr 29 11:14:24 2024
Quartus Prime Version 21.1.0 Build 842 10/21/2021 SJ Lite Edition


---------------------
; Table of Contents ;
---------------------
  1. Legal Notice
  2. Analysis & Synthesis Summary
  3. Analysis & Synthesis Settings
  4. Parallel Compilation
  5. Analysis & Synthesis Messages



----------------
; Legal Notice ;
----------------
Copyright (C) 2021  Intel Corporation. All rights reserved.
Your use of Intel Corporation's design tools, logic functions 
and other software and tools, and any partner logic 
functions, and any output files from any of the foregoing 
(including device programming or simulation files), and any 
associated documentation or information are expressly subject 
to the terms and conditions of the Intel Program License 
Subscription Agreement, the Intel Quartus Prime License Agreement,
the Intel FPGA IP License Agreement, or other applicable license
agreement, including, without limitation, that your use is for
the sole purpose of programming logic devices manufactured by
Intel and sold by Intel or its authorized distributors.  Please
refer to the applicable agreement for further details, at
https://fpgasoftware.intel.com/eula.



+----------------------------------------------------------------------------------+
; Analysis & Synthesis Summary                                                     ;
+------------------------------------+---------------------------------------------+
; Analysis & Synthesis Status        ; Failed - Mon Apr 29 11:14:24 2024           ;
; Quartus Prime Version              ; 21.1.0 Build 842 10/21/2021 SJ Lite Edition ;
; Revision Name                      ; Encriptador                                 ;
; Top-level Entity Name              ; Top                                         ;
; Family                             ; MAX 10                                      ;
; Total logic elements               ; N/A until Partition Merge                   ;
;     Total combinational functions  ; N/A until Partition Merge                   ;
;     Dedicated logic registers      ; N/A until Partition Merge                   ;
; Total registers                    ; N/A until Partition Merge                   ;
; Total pins                         ; N/A until Partition Merge                   ;
; Total virtual pins                 ; N/A until Partition Merge                   ;
; Total memory bits                  ; N/A until Partition Merge                   ;
; Embedded Multiplier 9-bit elements ; N/A until Partition Merge                   ;
; Total PLLs                         ; N/A until Partition Merge                   ;
; UFM blocks                         ; N/A until Partition Merge                   ;
; ADC blocks                         ; N/A until Partition Merge                   ;
+------------------------------------+---------------------------------------------+


+------------------------------------------------------------------------------------------------------------+
; Analysis & Synthesis Settings                                                                              ;
+------------------------------------------------------------------+--------------------+--------------------+
; Option                                                           ; Setting            ; Default Value      ;
+------------------------------------------------------------------+--------------------+--------------------+
; Device                                                           ; 10M50DAF484C7G     ;                    ;
; Top-level entity name                                            ; Top                ; Encriptador        ;
; Family name                                                      ; MAX 10             ; Cyclone V          ;
; Use smart compilation                                            ; Off                ; Off                ;
; Enable parallel Assembler and Timing Analyzer during compilation ; On                 ; On                 ;
; Enable compact report table                                      ; Off                ; Off                ;
; Restructure Multiplexers                                         ; Auto               ; Auto               ;
; Create Debugging Nodes for IP Cores                              ; Off                ; Off                ;
; Preserve fewer node names                                        ; On                 ; On                 ;
; Intel FPGA IP Evaluation Mode                                    ; Enable             ; Enable             ;
; Verilog Version                                                  ; Verilog_2001       ; Verilog_2001       ;
; VHDL Version                                                     ; VHDL_1993          ; VHDL_1993          ;
; State Machine Processing                                         ; Auto               ; Auto               ;
; Safe State Machine                                               ; Off                ; Off                ;
; Extract Verilog State Machines                                   ; On                 ; On                 ;
; Extract VHDL State Machines                                      ; On                 ; On                 ;
; Ignore Verilog initial constructs                                ; Off                ; Off                ;
; Iteration limit for constant Verilog loops                       ; 5000               ; 5000               ;
; Iteration limit for non-constant Verilog loops                   ; 250                ; 250                ;
; Add Pass-Through Logic to Inferred RAMs                          ; On                 ; On                 ;
; Infer RAMs from Raw Logic                                        ; On                 ; On                 ;
; Parallel Synthesis                                               ; On                 ; On                 ;
; DSP Block Balancing                                              ; Auto               ; Auto               ;
; NOT Gate Push-Back                                               ; On                 ; On                 ;
; Power-Up Don't Care                                              ; On                 ; On                 ;
; Remove Redundant Logic Cells                                     ; Off                ; Off                ;
; Remove Duplicate Registers                                       ; On                 ; On                 ;
; Ignore CARRY Buffers                                             ; Off                ; Off                ;
; Ignore CASCADE Buffers                                           ; Off                ; Off                ;
; Ignore GLOBAL Buffers                                            ; Off                ; Off                ;
; Ignore ROW GLOBAL Buffers                                        ; Off                ; Off                ;
; Ignore LCELL Buffers                                             ; Off                ; Off                ;
; Ignore SOFT Buffers                                              ; On                 ; On                 ;
; Limit AHDL Integers to 32 Bits                                   ; Off                ; Off                ;
; Optimization Technique                                           ; Balanced           ; Balanced           ;
; Carry Chain Length                                               ; 70                 ; 70                 ;
; Auto Carry Chains                                                ; On                 ; On                 ;
; Auto Open-Drain Pins                                             ; On                 ; On                 ;
; Perform WYSIWYG Primitive Resynthesis                            ; Off                ; Off                ;
; Auto ROM Replacement                                             ; On                 ; On                 ;
; Auto RAM Replacement                                             ; On                 ; On                 ;
; Auto DSP Block Replacement                                       ; On                 ; On                 ;
; Auto Shift Register Replacement                                  ; Auto               ; Auto               ;
; Allow Shift Register Merging across Hierarchies                  ; Auto               ; Auto               ;
; Auto Clock Enable Replacement                                    ; On                 ; On                 ;
; Strict RAM Replacement                                           ; Off                ; Off                ;
; Allow Synchronous Control Signals                                ; On                 ; On                 ;
; Force Use of Synchronous Clear Signals                           ; Off                ; Off                ;
; Auto RAM Block Balancing                                         ; On                 ; On                 ;
; Auto RAM to Logic Cell Conversion                                ; Off                ; Off                ;
; Auto Resource Sharing                                            ; Off                ; Off                ;
; Allow Any RAM Size For Recognition                               ; Off                ; Off                ;
; Allow Any ROM Size For Recognition                               ; Off                ; Off                ;
; Allow Any Shift Register Size For Recognition                    ; Off                ; Off                ;
; Use LogicLock Constraints during Resource Balancing              ; On                 ; On                 ;
; Ignore translate_off and synthesis_off directives                ; Off                ; Off                ;
; Timing-Driven Synthesis                                          ; On                 ; On                 ;
; Report Parameter Settings                                        ; On                 ; On                 ;
; Report Source Assignments                                        ; On                 ; On                 ;
; Report Connectivity Checks                                       ; On                 ; On                 ;
; Ignore Maximum Fan-Out Assignments                               ; Off                ; Off                ;
; Synchronization Register Chain Length                            ; 2                  ; 2                  ;
; Power Optimization During Synthesis                              ; Normal compilation ; Normal compilation ;
; HDL message level                                                ; Level2             ; Level2             ;
; Suppress Register Optimization Related Messages                  ; Off                ; Off                ;
; Number of Removed Registers Reported in Synthesis Report         ; 5000               ; 5000               ;
; Number of Swept Nodes Reported in Synthesis Report               ; 5000               ; 5000               ;
; Number of Inverted Registers Reported in Synthesis Report        ; 100                ; 100                ;
; Clock MUX Protection                                             ; On                 ; On                 ;
; Auto Gated Clock Conversion                                      ; Off                ; Off                ;
; Block Design Naming                                              ; Auto               ; Auto               ;
; SDC constraint protection                                        ; Off                ; Off                ;
; Synthesis Effort                                                 ; Auto               ; Auto               ;
; Shift Register Replacement - Allow Asynchronous Clear Signal     ; On                 ; On                 ;
; Pre-Mapping Resynthesis Optimization                             ; Off                ; Off                ;
; Analysis & Synthesis Message Level                               ; Medium             ; Medium             ;
; Disable Register Merging Across Hierarchies                      ; Auto               ; Auto               ;
; Resource Aware Inference For Block RAM                           ; On                 ; On                 ;
+------------------------------------------------------------------+--------------------+--------------------+


+------------------------------------------+
; Parallel Compilation                     ;
+----------------------------+-------------+
; Processors                 ; Number      ;
+----------------------------+-------------+
; Number detected on machine ; 12          ;
; Maximum allowed            ; 12          ;
;                            ;             ;
; Average used               ; 1.00        ;
; Maximum used               ; 1           ;
;                            ;             ;
; Usage by Processor         ; % Time Used ;
;     Processor 1            ; 100.0%      ;
+----------------------------+-------------+


+-------------------------------+
; Analysis & Synthesis Messages ;
+-------------------------------+
Info: *******************************************************************
Info: Running Quartus Prime Analysis & Synthesis
    Info: Version 21.1.0 Build 842 10/21/2021 SJ Lite Edition
    Info: Processing started: Mon Apr 29 11:14:10 2024
Info: Command: quartus_map --read_settings_files=on --write_settings_files=off Encriptador -c Encriptador
Warning (18236): Number of processors has not been specified which may cause overloading on shared machines.  Set the global assignment NUM_PARALLEL_PROCESSORS in your QSF to an appropriate value for best performance.
Info (20030): Parallel compilation is enabled and will use 12 of the 12 processors detected
Info (12021): Found 2 design units, including 1 entities, in source file top.vhd
    Info (12022): Found design unit 1: Top-Behavioral File: D:/Documents/QUARTUS/AES/Encriptador/Top.vhd Line: 35
    Info (12023): Found entity 1: Top File: D:/Documents/QUARTUS/AES/Encriptador/Top.vhd Line: 23
Info (12021): Found 2 design units, including 1 entities, in source file top_tb.vhd
    Info (12022): Found design unit 1: Top_tb-tb_architecture File: D:/Documents/QUARTUS/AES/Encriptador/Top_tb.vhd Line: 26
    Info (12023): Found entity 1: Top_tb File: D:/Documents/QUARTUS/AES/Encriptador/Top_tb.vhd Line: 22
Info (12021): Found 2 design units, including 1 entities, in source file modules/addround/addround.vhd
    Info (12022): Found design unit 1: AddRound-Behavioral File: D:/Documents/QUARTUS/AES/Encriptador/Modules/AddRound/AddRound.vhd Line: 29
    Info (12023): Found entity 1: AddRound File: D:/Documents/QUARTUS/AES/Encriptador/Modules/AddRound/AddRound.vhd Line: 16
Info (12021): Found 2 design units, including 1 entities, in source file modules/addround/addround_tb.vhd
    Info (12022): Found design unit 1: AddRound_tb-testbench File: D:/Documents/QUARTUS/AES/Encriptador/Modules/AddRound/AddRound_tb.vhd Line: 25
    Info (12023): Found entity 1: AddRound_tb File: D:/Documents/QUARTUS/AES/Encriptador/Modules/AddRound/AddRound_tb.vhd Line: 22
Info (12021): Found 2 design units, including 1 entities, in source file modules/subbytes/subbytes.vhd
    Info (12022): Found design unit 1: SubBytes-Behavioral File: D:/Documents/QUARTUS/AES/Encriptador/Modules/SubBytes/SubBytes.vhd Line: 34
    Info (12023): Found entity 1: SubBytes File: D:/Documents/QUARTUS/AES/Encriptador/Modules/SubBytes/SubBytes.vhd Line: 22
Info (12021): Found 2 design units, including 1 entities, in source file modules/shiftrow/shiftrow.vhd
    Info (12022): Found design unit 1: ShiftRow-Behavioural File: D:/Documents/QUARTUS/AES/Encriptador/Modules/ShiftRow/ShiftRow.vhd Line: 33
    Info (12023): Found entity 1: ShiftRow File: D:/Documents/QUARTUS/AES/Encriptador/Modules/ShiftRow/ShiftRow.vhd Line: 21
Info (12021): Found 2 design units, including 1 entities, in source file modules/mixcolumn/mixcolumn.vhd
    Info (12022): Found design unit 1: MixColumn-Behavioral File: D:/Documents/QUARTUS/AES/Encriptador/Modules/MixColumn/MixColumn.vhd Line: 34
    Info (12023): Found entity 1: MixColumn File: D:/Documents/QUARTUS/AES/Encriptador/Modules/MixColumn/MixColumn.vhd Line: 22
Info (12021): Found 2 design units, including 1 entities, in source file modules/subbytes/subbytes_tb.vhd
    Info (12022): Found design unit 1: SubBytes_tb-tb_architecture File: D:/Documents/QUARTUS/AES/Encriptador/Modules/SubBytes/SubBytes_tb.vhd Line: 26
    Info (12023): Found entity 1: SubBytes_tb File: D:/Documents/QUARTUS/AES/Encriptador/Modules/SubBytes/SubBytes_tb.vhd Line: 22
Info (12021): Found 2 design units, including 1 entities, in source file modules/shiftrow/shiftrow_tb.vhd
    Info (12022): Found design unit 1: ShiftRow_tb-testbench File: D:/Documents/QUARTUS/AES/Encriptador/Modules/ShiftRow/ShiftRow_tb.vhd Line: 25
    Info (12023): Found entity 1: ShiftRow_tb File: D:/Documents/QUARTUS/AES/Encriptador/Modules/ShiftRow/ShiftRow_tb.vhd Line: 22
Info (12021): Found 2 design units, including 1 entities, in source file modules/mixcolumn/mixcolumn_tb.vhd
    Info (12022): Found design unit 1: MixColumn_tb-tb_architecture File: D:/Documents/QUARTUS/AES/Encriptador/Modules/MixColumn/MixColumn_tb.vhd Line: 26
    Info (12023): Found entity 1: MixColumn_tb File: D:/Documents/QUARTUS/AES/Encriptador/Modules/MixColumn/MixColumn_tb.vhd Line: 22
Info (12127): Elaborating entity "Top" for the top level hierarchy
Warning (10541): VHDL Signal Declaration warning at Top.vhd(173): used implicit default value for signal "MuxOut_emb" because signal was never assigned a value or an explicit default value. Use of implicit default value may introduce unintended design optimizations. File: D:/Documents/QUARTUS/AES/Encriptador/Top.vhd Line: 173
Info (12128): Elaborating entity "SubBytes" for hierarchy "SubBytes:u2" File: D:/Documents/QUARTUS/AES/Encriptador/Top.vhd Line: 205
Warning (10036): Verilog HDL or VHDL warning at SubBytes.vhd(37): object "internal_signal" assigned a value but never read File: D:/Documents/QUARTUS/AES/Encriptador/Modules/SubBytes/SubBytes.vhd Line: 37
Error (12006): Node instance "u1" instantiates undefined entity "AddRoundKey". Ensure that required library paths are specified correctly, define the specified entity, or change the instantiation. If this entity represents Intel FPGA or third-party IP, generate the synthesis files for the IP. File: D:/Documents/QUARTUS/AES/Encriptador/Top.vhd Line: 194
Error (12006): Node instance "u3" instantiates undefined entity "ShiftRows". Ensure that required library paths are specified correctly, define the specified entity, or change the instantiation. If this entity represents Intel FPGA or third-party IP, generate the synthesis files for the IP. File: D:/Documents/QUARTUS/AES/Encriptador/Top.vhd Line: 215
Error (12006): Node instance "u4" instantiates undefined entity "MixColumns". Ensure that required library paths are specified correctly, define the specified entity, or change the instantiation. If this entity represents Intel FPGA or third-party IP, generate the synthesis files for the IP. File: D:/Documents/QUARTUS/AES/Encriptador/Top.vhd Line: 225
Error (12006): Node instance "u5" instantiates undefined entity "AddRoundKey". Ensure that required library paths are specified correctly, define the specified entity, or change the instantiation. If this entity represents Intel FPGA or third-party IP, generate the synthesis files for the IP. File: D:/Documents/QUARTUS/AES/Encriptador/Top.vhd Line: 235
Error (12006): Node instance "u7" instantiates undefined entity "ShiftRows". Ensure that required library paths are specified correctly, define the specified entity, or change the instantiation. If this entity represents Intel FPGA or third-party IP, generate the synthesis files for the IP. File: D:/Documents/QUARTUS/AES/Encriptador/Top.vhd Line: 256
Error (12006): Node instance "u8" instantiates undefined entity "AddRoundKey". Ensure that required library paths are specified correctly, define the specified entity, or change the instantiation. If this entity represents Intel FPGA or third-party IP, generate the synthesis files for the IP. File: D:/Documents/QUARTUS/AES/Encriptador/Top.vhd Line: 266
Error (12006): Node instance "u9" instantiates undefined entity "MUXSubBytes". Ensure that required library paths are specified correctly, define the specified entity, or change the instantiation. If this entity represents Intel FPGA or third-party IP, generate the synthesis files for the IP. File: D:/Documents/QUARTUS/AES/Encriptador/Top.vhd Line: 277
Error (12006): Node instance "u10" instantiates undefined entity "KeySchedule". Ensure that required library paths are specified correctly, define the specified entity, or change the instantiation. If this entity represents Intel FPGA or third-party IP, generate the synthesis files for the IP. File: D:/Documents/QUARTUS/AES/Encriptador/Top.vhd Line: 285
Error (12006): Node instance "u11" instantiates undefined entity "StateMachine". Ensure that required library paths are specified correctly, define the specified entity, or change the instantiation. If this entity represents Intel FPGA or third-party IP, generate the synthesis files for the IP. File: D:/Documents/QUARTUS/AES/Encriptador/Top.vhd Line: 295
Error: Quartus Prime Analysis & Synthesis was unsuccessful. 9 errors, 3 warnings
    Error: Peak virtual memory: 4789 megabytes
    Error: Processing ended: Mon Apr 29 11:14:24 2024
    Error: Elapsed time: 00:00:14
    Error: Total CPU time (on all processors): 00:00:36


